Fate Vs Signum
tacamine

明けましておめでとうございます 2018! || Princess principal AMV
xXSnowKawaiixX

【MAD】 Naruto Shippuden Opening 『Harukaze』 English Cover by BriCie
Cherubi On Top

Samurai Champloo AMV: Gang Starr - Battle
suckafish80

HAIKYUU!! [ AMV ] - Can't Hold Us
Vals Gracia

Oikawa Tooru [CONTROL] AMV
Absolute Edits

[AMV] Haikyuu!! - Unstoppable
NekoAMVs

My Hero Academia Season 3 – Ending Theme 2 – Long Hope Philia
Funimation

Warriors (ft. Imagine Dragons) | Worlds 2014 - League of Legends
League of Legends

Your name (AMV) - Anata ni Aitakute
Asna02 AMV

[AMV] - Boku no Hero Academia - (gasoline)
uninsured未保険

『Again』 Yui - Full Version - Lyrics (Rōmaji / 日本語)
Anime Is Life

Love story - Rukia and Renji
BeerensKatrijn

[RS] Humanity
Chiikaboom

[AMV] Endlessly
Malverino

Ayumi Hamasaki - Dearest (With InuYasha Scenes)
Núria Rufes

Naruto Shippuden (AMV) - Witchcraft [Pendulum]
Nan 7s

AMV - Watercolour
StylishLoveLS

アニメ「ONE PIECE」20周年スタートPVロングバージョン～1999-2019～
ONE PIECE公式YouTubeチャンネル

[AMFS][AMV] Arigatou, Aishiteta Hito - Tiara feat. Spontania (Vietsub - Remake)
AnimeMusicFansub

Guilty Crown AMV - Bios
Tina Yoshi Le

RWBY I Burn (AMV)
Lyoko Blight

Hunter X Hunter Dodgeball game summary
zetopazio

One Piece AMV - Get Scared [MEP]
TheAMVjunkie1

One Piece - Nothing to Lose (Shinedown - Diamond Eyes)
freakinerd

One Piece - One For the Money
SuperFranki

Mabinogi Music Video - Zokuta [Tarlach]
Andrew Pham

Mabinogi "LIE" Music Video
Kite

One Piece - Top 10 Strongest Non-devil Fruit Users ALIVE!!
Zoro 635

One Piece [AMV]- The Monster Trio
WhiteBearBepo

One Piece AMV [Undead - Hollywood Undead]
Mister SuShi

One Piece AMV - Luffy's Tribute - GO HARD OR GO HOME
Mugetsu AMV

One Piece AMV - Feel Invincible [HD]
DanParthenis

One Piece AMV - Luffy VS Hody  Overkill
Saeko Leonhardt

One Piece AMV - Marineford  Courtesy Call
TheUnderwave93

[MAD]求求你别离开——Last Song
Yifu Fang

Gintama- On My Own [AMV]
Ippofly10

Finally Free  [Attack On Titan AMV - Attack - 30 Seconds to Mars]
Jurassic Koonce

Kimi no Na wa「 AMV 」- City Of Angels
Evolution AMV's

Kimi No Na Wa「ＡＭＶ」Just a dream
D.HEADZ

One Piece「AMV」Breath Of Life [HD]
zUTzAMV

One Piece Blow Me Away
GAARACRAZY

ʜᴜɴᴛᴇʀ x ʜᴜɴᴛᴇʀ 「LEORIO」 /// Your Shelter, my friend
AngelMaeVictory A.M.V.

Rap do Luffy (One Piece) | Tauz RapTributo 10
Tauz

Rap do Rock Lee (Naruto) | Tauz RapTributo 44
Tauz

Hunter x Hunter AMV - Le Bien Qui Fait Mal
AllegoriestAMVs

Bleach AMV - Runnin'
Daryusuke

[RS] Devotion
Chiikaboom

【多素材】与你牵手的未来
Finalfire

Hunter X Hunter - Innocence
Sachilla

Bleach AMV: Ichigo - "The Animal I have Become"
Monztor

One Piece - Dollhouse
oMuStIiA

One Piece - Believer
oMuStIiA

Hollywood Undead - City
olafiasmenos

Naruto「AMV」- Not Strong Enough
Elat3d

Anime Mix MEP - Leave It All Behind 「 CLOSED 」
123dimovski

[One Piece AMV] - Not Strong Enough
DNubsPro

[Vietsub+Kara] 5cm/s AMV - Sakura anata ni deaete yokatta
tu bao

「AMV」• Runnin ♫♪
Canjik

[ NARUTO AMV ] - Animal I Have Become
BNProds

One Piece AMV - Fight
Error

【MAD】Sayonara I Love You - Cliff Edge
Shiro Hikari

【MAD】Whenever You Want to Be Together (Vietsub+Kara)
Soul Den

Luffy uses Gear Second for the 2nd Time, vs Lucci, saves Franky [HD]
Vern2170

[AMFS][AMV] White Sweet Love - jyA-Me feat. CLIFF EDGE (Vietsub)
AnimeMusicFansub2

One Piece AMV - Zoro vs Ryuuma - Still Waiting
Nikonator

killua...RUNNIN' amv
susu4anime

AMV Killua Zoldyck - The Legend Of Godspeed (2014) False Flag
Kira Incarnate

One Piece AMV - Warrior
Mugetsu AMV

Franky Amv [Im Alive]
sora363

One Piece Franky AMV Youre Gonna Go Far Kid
TeamSiikOnEz

[One Piece] Zoro AMV - What I Believe  [HD] 720p
Rayux

HxH Tribute [Time is Running Out]
marshmangoe

One Piece AMV - Burn「 FULL MEP 」
DanParthenis

This is My Fight Song
HiddenWhiteFang

Byousoku 5 cm - 5 cm per second ending
sanzochan

I'm In Love With An Angel「AMV」
Panta Na Xamogelas

[AMV]  Release my Soul - Guilty Crown
jakkit Pite

【MAD】[君に届け]- Enchanted
black199134

[Anime Mix AMV] Warriors - 7000 Subscriber Special
123dimovski

Law and Smoker vs Vergo「AMV」• Through it all ♫♪
Canjik

【MAD】Missing You
Yama Baka

Shingeki no kyojin Attack On Titan - My Demons
AMV LIBRARY

[Naruto AMV] Sunrise - Naruto vs. Pain
PHNX Media

One Piece AMV - SUNRISE [HD]
Roké

One Piece Amv - This Is War - Marineford
Sergio Reyes

One Piece AMV » Desperate Measures [HD] ᴾᶦˣᵉᶫᶜʳᵉᵉᵏ
PixelCreekAMVs

One Piece | Hall of Fame
PiratexNight

TheBakanimationz - One piece AMV - Still worth fighting for
TheBakanimationz

One Piece AMV - THE PHOENIX
Roké

One Piece AMV » Lights [HD] ᴾᶦˣᵉᶫᶜʳᵉᵉᵏ
PixelCreekAMVs

Friend or Foe AMV [loosecontroi]
loosecontroI

One Piece AMV - Warriors [Imagine Dragons]
Forrest Robinson

One Piece AMV - E for Extinction
Crespo943

One Piece AMV - Rise(Skillet)
Myth

One Piece「AMV」- My Demons [HD]
SplinTer

Running From My Heart [HD One Piece AMV]
PrevalentGamer

[|\|ARUT0] Won't Let Go!
kesidiii

ONE PIECE AMV - War of Change [HD]
kofo

One Piece [AMV] - Written in the Stars
Haney AMV

[Anime Mix MEP] - Leave It All Behind
123dimovski

Sword Art Online AMV - Unbreakable [Sakura-con 2013 Entry] [HD]
sloken18amv

Sabo 【AMV】 - MONSTER
Error

刀劍神域【MAD】Just a dream
林貴志

【MAD】 I wanna see your smile 我希望看到你的微笑 中文字幕
ネコイノ

One Piece AMV - Broken Inside
TheAMVjunkie1

「ＡＭＶ」One Piece - Sabo Vs Fujitora & Marines "Breaking Through" ᴳᴵᴺ
SGintoki

Roronoa Zoro Tribute - THE AWAKENING OF AN ORDINARY MAN [One Piece ASMV]
AceTheLastFlame

One Piece AMV » Whoa Is Me [HD] (Luffy) ᴾᶦˣᵉᶫᶜʳᵉᵉᵏ
PixelCreekAMVs

Naruto- You're Gonna Go Far Kid
Ferdalance

Naruto AMV -Eminem- Till I Collapse
BETSBYLINE

Road to the Pirate King [One Piece AMV]
EI8HT9INE3HREE

ZSK • One Piece AMV - This Is Gonna Hurt - [Luffy vs World]
ZeroStrikeKing

[One Piece AMV] Can You Feel My Heart - 30,000 Subscriber Special
123dimovski

Law vs Doflamingo「AMV」• Leave It All Behind ♫♪
Canjik

One Piece MEP - BURN[Full ReUp]
Roké

ギルティクラウン-エウテルペ(原文歌詞、中文填詞)
KCH

Hunter x Hunter AMV - I Will Show You
CF

Hunter x Hunter AMV - Save Yourself
Uta

「AMV」• End of Me ♫♪
Canjik

Bleach AMV [HD][Anthem Of The Lonely]
_Jurek_

One Piece AMV - Luffy VS Doflamingo - HERO
Mugetsu AMV

One Piece AMV - Young {Hollywood Undead}
xXTheMarciXx

(HD) 动心MTV 罪恶王冠 IN βίο
嘵嘵

[04►We know! One  Piece [Full MEP]
PiratesDreamStudio

[AMV/HD] Electropop! - Shugo Chara!
u2capster

【MAD】The Distance - Cliff Edge ft Nakamura Maiko
Andrew Dylan

【MAD】I Wanna Love Forever
Yama Baka

【MAD】就是喜歡你那暖暖的愛
青青AMV

Black Leg Sanji Tribute - Unattainable Paradise [FoxTamerMGO]
FoxTamerMGO

【MAD】因为我喜欢你 中文字幕
ネコイノ

I Wish it Was *Just a Dream* AMV [loosecontroi]
loosecontroI

One Piece - The Legend
zuiosariol

One Piece [ A M V ] Fight
EvaNz

Rap do Zoro (One Piece) | Tauz RapTributo 17
Tauz

Rap do Sanji (One Piece) | Tauz RapTributo 37
Tauz

Bleach AMV - Monster
Epyon757

One Piece- Impel Down- Till I Collapse-AMV
MrGabbelman

[은혼MAD] SPYAIR-サムライハート - samurai heart - 사무라이 하트 (Gintama AMV)
제갈량

you can be king again
youlazybum

This is One Piece Amv
BestAMVsofAllTime2

