Roronoa Zoro Tribute - THE AWAKENING OF AN ORDINARY MAN [One Piece ASMV]
AceTheLastFlame

One Piece - Will of D. | AMV/ASMV
AMVurbaN

One Piece Is a Miracle. Thank You Oda-sensei ! {HD 720p}
badru1000

Road to the Pirate King [One Piece AMV]
EI8HT9INE3HREE

One Piece AMV - He is our Captain [HD]
DnManumont

ASMV - This is One Piece
aNon11m

Black Leg Sanji Tribute - Unattainable Paradise [FoxTamerMGO]
FoxTamerMGO

The New Era - Trailer HD [ONE PIECE]
Lemax88

One Piece AMV - Inherited Will
AmaiMizu AMV

One Piece [AMV/ASMV] - The Willpower Of A King
WhiteBearBepo

One Piece AMV/ASMV - THE KING'S CHEF - WHOLE CAKE ISLAND ARC MOVIE 1/3
Giano182

One Piece in 10 Minutes
Portgas D Ace

One Piece in 6 Minutes [Amv]
Vzuh

アニメ「ONE PIECE」20周年スタートPVロングバージョン～1999-2019～
ONE PIECE公式YouTubeチャンネル

