300 Violin Orchestra - Jorge Quintero (High Quality)
Jorge Quintero Fan Page

M.I.A. - DBT (∆XIUS LIИK REMIX) (Witch House) | Music Visualization🖤🎶💎
Miss Hentai Music

Epic Cinematic Movie Trailer Music
LIMO Recording Studio

Shakira - Hips Don't Lie [Bardcore / Medieval Style Cover]
stantough

Pumped Up Kicks (Medieval Style)
Cornelius Link

HERO A - Yuki Hayashi (My Hero Academia OST)
ANIME 'S LAIFU

ヒーロー活動推奨プロジェクト
Yuki Hayashi - Topic

JoJo's Bizarre Adventure Golden Wind OST - A Dream
TheBaconLord

Shokugeki no Soma - Ending (Spice) - Instrumental Para Hombre - By: Enmanuel
EnmaDS - EnmanuelDSite

Going The Distance
Peter Fox - Topic

clubbed to death - Matrix soundtrack
appiglio

Lightning Swordsman ~ Shippuu no Kenshi 疾風の剣士
NM64

[마비노기] Fantastic Melody - 히야신스 입에 물고 (With Hyacinth in Mind)
마비노기

Succubus Queen's Theme - Innocence in the Night
Mabinogi

Sidhe Finnachaid - Shadows in the Water
Mabinogi

Fate/stay night: [Unlimited Blade Works] OST II - #19 Emiya UBW Extended
ChuckVsTheMusic

Turning Seasons ~ Utsuri Yuku Kisetsu 移りゆく季節
NM64

Haikyuu!! OST - Team Potential
Shirayuki Kitomi

Obliviate (Extended)
Patrick Bennett

Harry Potter and the Deathly Hallows Part 1 Fantasy Overture
rldcad1

Last Stardust - Fate/Stay Night: Unlimited Blade Works OST [piano]
Animenz Piano Sheets

Kuroko No Basket OST 2 - The Feeling Of Not Losing II Extended
Hisoka16xx

[FREE] *HARD* Xxxtentacion Type Beat - "ChopEmDown" | Free Type Beat | Trap Beat 2018
LiL AxE

Boku no Hero Academia OST 16  『HERO A』Training Theme
Zarathos Music

The GREATEST Semi-Final Playoff Game EVER 💯
Harris Highlights

Never Felt This Way (Extended) - fstivil Ft. Eden
Kwan TK

BeatSaber - Rasputin (Funk Overload) [FullBodyTracking]
omotea

RL Grime - AURORA (Official Audio)
RL Grime

I'd Love To Change The World (Matstubs Remix)
Jetta - Topic

Big Gigantic - All Of Me (Feat. Logic & Rozes)
Big Gigantic

One Piece - Luffy Vs Ratchet Round 2 - Extended
rando W

Marvelous Battle OST's: Luffy vs Ratchet Round 1
PitifulHeartless

Bleach OST MEMORIES OF NOBODY #11 Will Save You
NoirGear

[Mabinogi Collection] C2 G4~G8 Iria - Login Screen v1
Jeff807725

Periphery:  Marigold Instrumental HD
Taylor Gallegos

Arcade Game Music Type Beat (Hip-Hop/R&B Instrumental)
Julian Cha

Dearest   inuyasha  (remix)
cristian balazs

Overture
Bill Conti - Topic

Redemption (Theme From Rocky II)
Bill Conti - Topic

Rocky II End credit- Rocky Movie
Rocky

Shena's song Mabinogi
Metaknight

Mirio Togata theme battle ost de Boku no hero
Cuauhtemoc Santos

One Punch Man S2 Ep.12 - Saitama Arrives (HQ Cover)
PokéMixr92

Mabinogi - Eiren Theme
dayv pink

Spontania ft. AZU - Onaji Sora Mitsumeteru ..... (instrumental)
Danielle_Dane

One Piece Best Epic Soundtracks
Sanji G66

Buckethead - Lebrontron
NinjeticReflex

RWBY Red Theme (Red Like Roses)
metzker392

Believer arranged by Paul Murtha
Hal Leonard Marching Band

FIFA 18 - Bundesliga Soundtrack (1 HOUR)
Mohamed Farrag

Jack Sparrow
Hans Zimmer - Topic

Lindsey Stirling - Shatter Me (Rock Remix)
Shady Cicada

Child of Light (Rock Remix) - Aurora's Theme
Shady Cicada

Da Riffs - Round Up [HQ] [1080P]
Dj Stonehead

Audiomachine Breath and Life (Extended Version)
musicalheaven82

One Piece OST (9) - Sanji to Usopp ~ Oogoe to muda na tairyoku ~
ThePiratesHQ

OnePiece OST 5
OnePieceLover0

Bleach OST MEMORIES OF NOBODY #12 Turn The Tables
NoirGear

Bleach OST 3 #19 Anguish
NoirGear

Bleach OST 3 #18 HOLLOWED
NoirGear

Two Steps From Hell - False King
eshareth

Magnificent Eleven - Sam Spence - Remix from Da Riffs( Madden 07 )
Mingo Koolen

One Piece Epic Music
Makio Selegune

One Piece OST -  11 Supernovae (Extended version)
kuerbisbauerrulz

One Piece OST - I'm Here With You Too (Enies Lobby March - TV Remix Version)
MoldySpore

One Piece - Duel!!  [OST]
Monkey D. Jenn

The Driving Force  - Jingle Punks
LIMO Recording Studio

Kraddy - Android Porn  **ORIGINAL**
SuniiTV

Sam Spence - The Equalizer (Da Riffs Remix)
cartermcpyro

Sam Spence - Golden Boy (Da Riffs Remix)
Jimmy B

A New Game -- Autumn Thunder NFL Films song
shaunhill13

08 - Carbon Dioxide - James Horner - Apollo 13
James Horner Community

Sam Spence - A Chilling Championship (Da Riffs Remix)
Patrick Star

Bleach OST MEMORIES OF NOBODY #19 Fight To The Death
NoirGear

The Best of Two Steps From Hell | Ultimate Playlist
Genghis Khan

[HQ] Hunter x Hunter (2011) OST 2 - Ansatsu Ikka no Yakata (Zoldyck Family Theme)
GonDonOOO

Hunter x Hunter Hashire long version . Gon's JanJanken
Chaika? Yes, Chaika. Chaika.

Hunter x Hunter (2011) Soundtrack - Mystic Land.
GonDonOOO

Run or Die Launch Trailer
TeamFlow

Hunter X Hunter - Kinkyu Jitai
songmedis3

Hunter x Hunter - Gyakujuuji no Otoko (Chrollo's Theme)
Epic Anime Music

OST Ova Pakunoda Theme II
Pablo Sebastián

Hunter X Hunter OST Vol 1.28 (abare kuru ankoku)
Aziz Bali

Hunter X Hunter - Gekitou
songmedis3

Unravel - Tokyo Ghoul OP (Medieval Style)
Nicholas The Bard - Anime Music Arrangements

To The Beginning - Fate/Zero OP2 (Medieval Style)
Nicholas The Bard - Anime Music Arrangements

Fate/Stay Night Anime OST: Unmei no Yoru
Cyantist

TOKYO GHOUL - UNRAVEL丨Chinese Bamboo Flute Cover丨Jae Meng
孟晓洁 Jae's Official Channel

