Ikimono Gakari-Sakura with [Lyric]
Aikawa AMV

[Karaoke] Umbrella ver Kashitaro Ito
Kraisorn R.

Sabo 【AMV】 - MONSTER
Error

KG / いつもそばで feat. 中村舞子
Pat Trick

progress Original mix
Ayumi Hamasaki - Topic

Nightcore - Umbrella 「 Kashitaro Ito 」
NightcoreClarity 「 J-Music 」

Shichigatsunotubasa
Aimer - Topic

Yuka Masaki feat. KG - Last Kiss english sub
risachan3

Nightcore - Last Kiss「 Yuka Masaki Feat. KG 」
NightcoreClarity 「 J-Music 」

Eternal - Tanaka Rie
Sakayo

STEINS;GATE OPENING - HACKING TO THE GATE (シュタインズ・ゲート Op)
pellekofficial

NARUTO SHIPPUDEN OP 1 - HERO'S COME BACK
pellekofficial

Marshmello & Anne-Marie - FRIENDS (Lyric Video) *OFFICIAL FRIENDZONE ANTHEM*
Marshmello

Ignite (From "Sword Art Online II")
Leeraon - Topic

SWORD ART ONLINE II - IGNITE (Cover) ソードアート・オンライン II Op
pellekofficial

Shingeki no kyojin Attack On Titan - My Demons
AMV LIBRARY

A Super Nice Japanese Song — Deichū ni saku 【泥中に咲く】 Blooming in the Mud | Lyrics
Noricha

Aimer - Even Heaven
MelodySnow

満天 by Yuka&Saika
Yuka Kouduki

Spontania Ft Azu- Anatani Aitakute (Audio)
ゞIsa

Sakura Anata Ni Deaete Yokatta - Full version + Engsub + Kara
Morizone

