時代を越える想い InuYasha - To Love's End | いぬやしゃ | Chinese Xiao Cover |  Jae Meng
孟晓洁 Jae's Official Channel

OST Fate Stay Night - Kizuna
DEA bioZARD

OST Fate Stay Night - Kishi Ou no Hokori
DEA bioZARD

Fate Stay Night OST - Most Beautiful & Emotional Anime Music Mix
The Soul of Wind

Mabinogi NPC - Lepus
Margaret Hu

Mabinogi NPC - Shena
Margaret Hu

New Dawn ~ Arata na Yoake 新たな夜明け
NM64

Mabinogi Theme Song - An old story from Grandma
Mabinogi

Canon in D (Pachelbel's Canon) - Cello & Piano [BEST WEDDING VERSION]
Brooklyn Duo

Ever-present Feeling　~　Kie nai Omoi　消えない想い
NM64

Sorrow
NM64

Kimi no na wa OST date
Fake Account

Harry's Sacrifice
Alexandre Desplat - Topic

The Prince's Tale (Severus and Lily extended movie version)
MrMister1306

18. "Harry's Sacrifice" - Harry Potter and the Deathly Hallows: Part 2 (soundtrack)
Harry Potter Art

Brave Song (full) - Angel Beats ED [Piano/Viola] feat. xclassicalcatx
Animenz Piano Sheets

Tokyo Ghoul OP: Unravel / viola cover / ft. dj-Jo
xclassicalcatx - Joanna

Sword Art Online OP - crossing field (piano + viola) ft. TehIshter
xclassicalcatx - Joanna

Last Stardust - Fate/Stay Night: Unlimited Blade Works OST [piano]
Animenz Piano Sheets

3 Hour - Love Songs Piano Music - Beautiful Piano For Stress Relief And Deep Sleeping
The Soul of Wind

Naruto Soundtrack- Sadness and Sorrow (FULL VERSION)
TheSideralninja

Steins;Gate Believe Me
Danteneo42

2 Hour Beautiful Piano Music for Studying and Sleeping 【BGM】
The Soul of Wind

Bleach OST 1 #19 Never Meant To Belong
NoirGear

Arcade Game Music Type Beat (Hip-Hop/R&B Instrumental)
Julian Cha

Ayumi Hamasaki : Dearest (supra935 piano remix)
Supra935

Mabinogi Title Theme Compilation 2
Kaikou89

Dearest   inuyasha  (remix)
cristian balazs

Adagio
Various Artists - Topic

El Concierto de Aranjuez
Helena Prats

♫ Inuyasha OSt   Futari No Kimochi 1 hour ♫
Sang Hà Ngọc

Concentrate Your Mind ☯ Asian Lofi HipHop Mix
Dreamy

Mabinogi - Eiren Theme
dayv pink

oddwin - 8.16.18 (10 minutes)
no name

John Legend - All of Me ( INSTRUMENTAL)
Orelus Cover

Spontania ft. AZU - Onaji Sora Mitsumeteru ..... (instrumental)
Danielle_Dane

Blue Bird - Naruto Shippuuden OP3 [Piano]
Animenz Piano Sheets

Soyou 소유 I Miss You instrumental official
MaxAttilio Korea instrumental 맥시아띨리오

[Mabinogi Collection] C2 G4~G8 Iria - Login Screen v1
Jeff807725

Autumn Voyage - RuneScape Soundtrack
RuneScapeSoundtrack

Mabinogi: Lepus "A Youth's Elegant Hand Posture"
StardustDarkness

PMD2 - DON'T EVER FORGET - Orchestral Remix
Internet Video Archive

MABINOGI main theme
Sigen Sigen

Mabinogi NPC - Atrata
Margaret Hu

Naruto - Morning [EXTENDED]
Royai Nightcore Shinigami

Naruto Shippuden Soundtrack 19- Despair [Extended]
Jerikhorose

2 Hour - Best Anime Music for Relaxing & Studying
The Soul of Wind

Eddy Kim - You Are So Beautiful (instrumental) (Goblin OST)
Jarryd de Jar

lofi hip hop radio - beats to relax/study to
ChilledCow

Beethoven - Für Elise (60 Minutes Version)
Ludwig van Beethoven

Pokémon X and Y: Snowbelle City Remix
GlitchxCity

My Soul, your Beats! - Angel Beats! OP [Piano]
Animenz Piano Sheets

Angel Beats! piano medley - Animenz Live 2017 in Shenzhen
Animenz Piano Sheets

Euterpe - Guilty Crown OST [Piano]
Animenz Piano Sheets

Akatsuki no Yona Ending 2 Akatsuki [OFFICIAL MAY] BEGINNIG ORCHESTRAL
Didi | Flares

Adrian von Ziegler - Requiem for the Nameless Dead
Valkar Nord

"The Late Show" Open Director's Cut
The Late Show with Stephen Colbert

Beautiful Japanese Music | Koto Music & Shakuhachi Music
Fantasy & World Music by the Fiechters

Hunter X Hunter - Wasurete Ita Fuukei
songmedis3

Hunter X Hunter - Hunter X Hunter no Tema ~ Densetsu
songmedis2

Hunter X Hunter - Kaze No Naka De
songmedis3

Hunter X Hunter - Kaze no Uta ~ Instrumental
songmedis2

Hunter X Hunter - Konpaku no Elegie ~ Kurapika no Tema
songmedis2

Hunter x hunter 1999 OST 1 - Track 01 Hunter X Hunter no Theme ~ Densetsu
NaomiiKillua

Bleach OST 2 #20 Torn Apart
NoirGear

Bleach OST 2 #13 Compassion
NoirGear

Angel Beats Soundtrack: Track 36: Anxiety
talesfan132

Angel Beats Soundtrack: Track 34: Unjust Life
talesfan132

Two Steps From Hell - Sons of War
OpusDeusMusic

The way - Xenoblade Chronicles X
VidiAutumn

The Late Show with Stephen Colbert Theme Song (Stay Human - Humanism): Trombones & Jam
Christopher Bill

Late Show with Stephen Colbert Intro Theme Song - Jon Batiste (100% CLEAR)
Sanjay Maru

Hunter x Hunter (1999) - Konpaku no elegy (Kurapika's Theme)
Terios

Mabinogi Title Theme Compilation
Kaikou89

1 Hour of Rain - Nature Sounds Without Music
Taylor Clark Johnson - Photographer & Filmmaker

Journey Soundtrack (Austin Wintory) - 01. Nascence
Journey Soundtrack

3 Hour Beautiful Piano Music ~ Relaxing Instrumental Music, Feeling Summer
The Soul of Wind

